<?xml version="1.0" encoding="UTF-8"?>
<!-- Generated by org.testng.reporters.JUnitReportReporter -->
<testsuite skipped="0" hostname="DESKTOP-H2NQ5S1" name="com.webtest.demo.TestDemo" tests="3" failures="0" timestamp="2020-11-11T10:41:27 CST" time="48.501" errors="0">
  <testcase name="test3" time="18.176" classname="com.webtest.demo.TestDemo"/>
  <system-out/>
  <testcase name="test2" time="11.851" classname="com.webtest.demo.TestDemo"/>
  <system-out/>
  <testcase name="test1" time="18.474" classname="com.webtest.demo.TestDemo"/>
  <system-out/>
</testsuite> <!-- com.webtest.demo.TestDemo -->
