<?xml version="1.0" encoding="UTF-8"?>
<!-- Generated by org.testng.reporters.JUnitReportReporter -->
<testsuite skipped="0" hostname="DESKTOP-6FT6511" name="com.lhz.edu0921.ZsenceDemo" tests="1" failures="0" timestamp="2020-09-21T10:42:45 CST" time="0.622" errors="0">
  <testcase name="testSubmit" time="0.622" classname="com.lhz.edu0921.ZsenceDemo"/>
  <system-out/>
</testsuite> <!-- com.lhz.edu0921.ZsenceDemo -->
