<?xml version="1.0" encoding="UTF-8"?>
<!-- Generated by org.testng.reporters.JUnitReportReporter -->
<testsuite skipped="0" hostname="DESKTOP-6FT6511" name="com.example.platform.MallDemo" tests="1" failures="0" timestamp="2020-12-17T13:00:07 CST" time="1.209" errors="0">
  <testcase name="test_login" time="1.209" classname="com.example.platform.MallDemo"/>
  <system-out/>
</testsuite> <!-- com.example.platform.MallDemo -->
