<?xml version="1.0" encoding="UTF-8"?>
<!-- Generated by org.testng.reporters.JUnitReportReporter -->
<testsuite skipped="0" hostname="DESKTOP-6FT6511" name="com.lhz.edu0923.Demo2" tests="1" failures="0" timestamp="2020-09-23T11:04:32 CST" time="0.756" errors="0">
  <testcase name="testLogin" time="0.756" classname="com.lhz.edu0923.Demo2"/>
  <system-out/>
</testsuite> <!-- com.lhz.edu0923.Demo2 -->
