<?xml version="1.0" encoding="UTF-8"?>
<!-- Generated by org.testng.reporters.JUnitReportReporter -->
<testsuite skipped="0" hostname="DESKTOP-6FT6511" name="com.lhz.edu0920.Demo3" tests="1" failures="0" timestamp="2020-09-20T10:00:58 CST" time="0.609" errors="0">
  <testcase name="testLogin" time="0.609" classname="com.lhz.edu0920.Demo3"/>
  <system-out/>
</testsuite> <!-- com.lhz.edu0920.Demo3 -->
