<?xml version="1.0" encoding="UTF-8"?>
<!-- Generated by org.testng.reporters.JUnitReportReporter -->
<testsuite skipped="0" hostname="DESKTOP-6FT6511" name="com.lhz.edu0921.Demo1" tests="2" failures="0" timestamp="2020-09-21T10:58:36 CST" time="0.652" errors="0">
  <testcase name="test2" time="0.022" classname="com.lhz.edu0921.Demo1"/>
  <system-out/>
  <testcase name="test1" time="0.630" classname="com.lhz.edu0921.Demo1"/>
  <system-out/>
</testsuite> <!-- com.lhz.edu0921.Demo1 -->
