<?xml version="1.0" encoding="UTF-8"?>
<!-- Generated by org.testng.reporters.JUnitReportReporter -->
<testsuite skipped="0" hostname="DESKTOP-6FT6511" name="com.lhz.edu0923.Test2" tests="1" failures="0" timestamp="2020-09-23T09:58:42 CST" time="0.736" errors="0">
  <testcase name="testGetAddress2" time="0.736" classname="com.lhz.edu0923.Test2"/>
  <system-out/>
</testsuite> <!-- com.lhz.edu0923.Test2 -->
