<?xml version="1.0" encoding="UTF-8"?>
<!-- Generated by org.testng.reporters.JUnitReportReporter -->
<testsuite skipped="0" hostname="DESKTOP-6FT6511" name="com.lhz.edu.BokkeAddBlog" tests="1" failures="0" timestamp="2020-09-18T17:16:14 CST" time="0.129" errors="0">
  <testcase name="add" time="0.129" classname="com.lhz.edu.BokkeAddBlog"/>
  <system-out/>
</testsuite> <!-- com.lhz.edu.BokkeAddBlog -->
