<?xml version="1.0" encoding="UTF-8"?>
<!-- Generated by org.testng.reporters.JUnitReportReporter -->
<testsuite skipped="0" hostname="DESKTOP-6FT6511" name="com.lhz.edu0920.MallDemo" tests="1" failures="0" timestamp="2020-12-15T21:43:06 CST" time="0.980" errors="0">
  <testcase name="test_skuList" time="0.980" classname="com.lhz.edu0920.MallDemo"/>
  <system-out/>
</testsuite> <!-- com.lhz.edu0920.MallDemo -->
