<?xml version="1.0" encoding="UTF-8"?>
<!-- Generated by org.testng.reporters.JUnitReportReporter -->
<testsuite skipped="0" hostname="DESKTOP-6FT6511" name="com.lhz.edu0921.ZsenceDemo2" tests="3" failures="0" timestamp="2020-09-21T10:56:48 CST" time="0.132" errors="0">
  <testcase name="testGetAddress" time="0.015" classname="com.lhz.edu0921.ZsenceDemo2"/>
  <system-out/>
  <testcase name="testLogin" time="0.101" classname="com.lhz.edu0921.ZsenceDemo2"/>
  <system-out/>
  <testcase name="testSubmit" time="0.016" classname="com.lhz.edu0921.ZsenceDemo2"/>
  <system-out/>
</testsuite> <!-- com.lhz.edu0921.ZsenceDemo2 -->
