<?xml version="1.0" encoding="UTF-8"?>
<!-- Generated by org.testng.reporters.JUnitReportReporter -->
<testsuite skipped="0" hostname="DESKTOP-6FT6511" name="com.lhz.edu0920.mDemo" tests="1" failures="0" timestamp="2020-09-20T11:10:08 CST" time="0.537" errors="0">
  <testcase name="testLogin2" time="0.537" classname="com.lhz.edu0920.mDemo"/>
  <system-out/>
</testsuite> <!-- com.lhz.edu0920.mDemo -->
