<?xml version="1.0" encoding="UTF-8"?>
<!-- Generated by org.testng.reporters.JUnitReportReporter -->
<testsuite skipped="0" hostname="DESKTOP-6FT6511" name="com.lhz.edu0920.JSONDemo" tests="2" failures="0" timestamp="2020-12-15T20:27:04 CST" time="0.591" errors="0">
  <testcase name="test2" time="0.580" classname="com.lhz.edu0920.JSONDemo"/>
  <system-out/>
  <testcase name="test3" time="0.011" classname="com.lhz.edu0920.JSONDemo"/>
  <system-out/>
</testsuite> <!-- com.lhz.edu0920.JSONDemo -->
