<?xml version="1.0" encoding="UTF-8"?>
<!-- Generated by org.testng.reporters.JUnitReportReporter -->
<testsuite skipped="0" hostname="DESKTOP-6FT6511" name="com.lhz.edu0923.HttpDriverTest" tests="1" failures="0" timestamp="2020-09-23T09:09:44 CST" time="22.238" errors="0">
  <testcase name="testHttpbin" time="22.238" classname="com.lhz.edu0923.HttpDriverTest"/>
  <system-out/>
</testsuite> <!-- com.lhz.edu0923.HttpDriverTest -->
