<?xml version="1.0" encoding="UTF-8"?>
<!-- Generated by org.testng.reporters.JUnitReportReporter -->
<testsuite skipped="0" hostname="DESKTOP-6FT6511" name="com.lhz.edu0923.Demo1" tests="1" failures="0" timestamp="2020-09-23T10:24:27 CST" time="0.704" errors="0">
  <testcase name="testLoginPwdIsWorry" time="0.704" classname="com.lhz.edu0923.Demo1"/>
  <system-out/>
</testsuite> <!-- com.lhz.edu0923.Demo1 -->
