<?xml version="1.0" encoding="UTF-8"?>
<!-- Generated by org.testng.reporters.JUnitReportReporter -->
<testsuite skipped="0" hostname="DESKTOP-6FT6511" name="com.lhz.edu0921.Demo2" tests="2" failures="0" timestamp="2020-09-21T10:57:39 CST" time="0.769" errors="0">
  <testcase name="testLogin2" time="0.179" classname="com.lhz.edu0921.Demo2"/>
  <system-out/>
  <testcase name="testLogin1" time="0.590" classname="com.lhz.edu0921.Demo2"/>
  <system-out/>
</testsuite> <!-- com.lhz.edu0921.Demo2 -->
