<?xml version="1.0" encoding="UTF-8"?>
<!-- Generated by org.testng.reporters.JUnitReportReporter -->
<testsuite skipped="0" hostname="DESKTOP-6FT6511" name="com.lhz.edu.BokkeLogin" tests="1" failures="0" timestamp="2020-09-18T16:55:02 CST" time="0.237" errors="0">
  <testcase name="login" time="0.237" classname="com.lhz.edu.BokkeLogin"/>
  <system-out/>
</testsuite> <!-- com.lhz.edu.BokkeLogin -->
