<?xml version="1.0" encoding="UTF-8"?>
<!-- Generated by org.testng.reporters.JUnitReportReporter -->
<testsuite skipped="0" hostname="DESKTOP-01NK0AV" name="com.webtest.demo.NewPost" tests="50" failures="0" timestamp="2020-11-25T12:22:49 CST" time="2000.021" errors="0">
  <testcase name="newPostSuccess_test" time="34.747" classname="com.webtest.demo.NewPost"/>
  <system-out/>
  <testcase name="newPostFail_test" time="11.746" classname="com.webtest.demo.NewPost"/>
  <system-out/>
  <testcase name="withTheAttachment_test" time="35.770" classname="com.webtest.demo.NewPost"/>
  <system-out/>
  <testcase name="IntegralPositiveInt_test" time="35.700" classname="com.webtest.demo.NewPost"/>
  <system-out/>
  <testcase name="IntegralNegativeInt_test" time="36.871" classname="com.webtest.demo.NewPost"/>
  <system-out/>
  <testcase name="IntegralFloat_test" time="35.745" classname="com.webtest.demo.NewPost"/>
  <system-out/>
  <testcase name="IntegralChar_test" time="35.808" classname="com.webtest.demo.NewPost"/>
  <system-out/>
  <testcase name="textOverstriking_test" time="35.736" classname="com.webtest.demo.NewPost"/>
  <system-out/>
  <testcase name="textBias_test" time="35.761" classname="com.webtest.demo.NewPost"/>
  <system-out/>
  <testcase name="textStrikethrough_test" time="35.833" classname="com.webtest.demo.NewPost"/>
  <system-out/>
  <testcase name="textUnderline_test" time="35.744" classname="com.webtest.demo.NewPost"/>
  <system-out/>
  <testcase name="textFontSize_test" time="40.010" classname="com.webtest.demo.NewPost"/>
  <system-out/>
  <testcase name="textFont_test" time="40.031" classname="com.webtest.demo.NewPost"/>
  <system-out/>
  <testcase name="textParagraph_test" time="40.015" classname="com.webtest.demo.NewPost"/>
  <system-out/>
  <testcase name="textStrikethroughAndUnderline_test" time="40.008" classname="com.webtest.demo.NewPost"/>
  <system-out/>
  <testcase name="textFontsizeAndParagraph_test" time="48.448" classname="com.webtest.demo.NewPost"/>
  <system-out/>
  <testcase name="textColor_test" time="44.199" classname="com.webtest.demo.NewPost"/>
  <system-out/>
  <testcase name="textBackgroundColor_test" time="44.187" classname="com.webtest.demo.NewPost"/>
  <system-out/>
  <testcase name="textAlignCenter_test" time="35.817" classname="com.webtest.demo.NewPost"/>
  <system-out/>
  <testcase name="textAlignLeft_test" time="35.726" classname="com.webtest.demo.NewPost"/>
  <system-out/>
  <testcase name="textAlignRight_test" time="35.730" classname="com.webtest.demo.NewPost"/>
  <system-out/>
  <testcase name="textJustify_test" time="35.784" classname="com.webtest.demo.NewPost"/>
  <system-out/>
  <testcase name="textRetract_test" time="35.759" classname="com.webtest.demo.NewPost"/>
  <system-out/>
  <testcase name="textCancleRetract_test" time="39.965" classname="com.webtest.demo.NewPost"/>
  <system-out/>
  <testcase name="textLink_test" time="41.042" classname="com.webtest.demo.NewPost"/>
  <system-out/>
  <testcase name="textCancleLink_test" time="45.166" classname="com.webtest.demo.NewPost"/>
  <system-out/>
  <testcase name="textLinkError_test" time="41.027" classname="com.webtest.demo.NewPost"/>
  <system-out/>
  <testcase name="textAreaAdd_test" time="35.785" classname="com.webtest.demo.NewPost"/>
  <system-out/>
  <testcase name="textrevocation_test" time="44.245" classname="com.webtest.demo.NewPost"/>
  <system-out/>
  <testcase name="textProcedureCode_test" time="36.791" classname="com.webtest.demo.NewPost"/>
  <system-out/>
  <testcase name="textAreaOverstriking_test" time="40.041" classname="com.webtest.demo.NewPost"/>
  <system-out/>
  <testcase name="textAreaBias_test" time="39.955" classname="com.webtest.demo.NewPost"/>
  <system-out/>
  <testcase name="textAreaStrikethrough_test" time="39.998" classname="com.webtest.demo.NewPost"/>
  <system-out/>
  <testcase name="textAreaUnderline_test" time="39.975" classname="com.webtest.demo.NewPost"/>
  <system-out/>
  <testcase name="textAreaFontSize_test" time="44.200" classname="com.webtest.demo.NewPost"/>
  <system-out/>
  <testcase name="textAreaFont_test" time="44.297" classname="com.webtest.demo.NewPost"/>
  <system-out/>
  <testcase name="textAreaParagraph_test" time="44.228" classname="com.webtest.demo.NewPost"/>
  <system-out/>
  <testcase name="textAreaStrikethroughAndUnderline_test" time="44.251" classname="com.webtest.demo.NewPost"/>
  <system-out/>
  <testcase name="textAreaFontsizeAndParagraph_test" time="52.680" classname="com.webtest.demo.NewPost"/>
  <system-out/>
  <testcase name="textAreaColor_test" time="48.475" classname="com.webtest.demo.NewPost"/>
  <system-out/>
  <testcase name="textAreaBackgroundColor_test" time="48.440" classname="com.webtest.demo.NewPost"/>
  <system-out/>
  <testcase name="textAreaAlignCenter_test" time="40.004" classname="com.webtest.demo.NewPost"/>
  <system-out/>
  <testcase name="textAreaAlignLeft_test" time="39.965" classname="com.webtest.demo.NewPost"/>
  <system-out/>
  <testcase name="textAreaAlignRight_test" time="39.985" classname="com.webtest.demo.NewPost"/>
  <system-out/>
  <testcase name="textAreaJustify_test" time="40.068" classname="com.webtest.demo.NewPost"/>
  <system-out/>
  <testcase name="textAreaRetract_test" time="39.979" classname="com.webtest.demo.NewPost"/>
  <system-out/>
  <testcase name="textAreaCancleRetract_test" time="44.211" classname="com.webtest.demo.NewPost"/>
  <system-out/>
  <testcase name="textAreaLink_test" time="45.285" classname="com.webtest.demo.NewPost"/>
  <system-out/>
  <testcase name="textAreaCancleLink_test" time="49.510" classname="com.webtest.demo.NewPost"/>
  <system-out/>
  <testcase name="textAreaLinkError_test" time="45.278" classname="com.webtest.demo.NewPost"/>
  <system-out/>
</testsuite> <!-- com.webtest.demo.NewPost -->
