<?xml version="1.0" encoding="UTF-8"?>
<!-- Generated by org.testng.reporters.JUnitReportReporter -->
<testsuite skipped="0" hostname="DESKTOP-01NK0AV" name="com.webtest.demo.ChanDaoDemo" tests="1" failures="0" timestamp="2020-12-03T11:14:28 CST" time="406.443" errors="0">
  <testcase name="testAdd" time="406.443" classname="com.webtest.demo.ChanDaoDemo"/>
  <system-out/>
</testsuite> <!-- com.webtest.demo.ChanDaoDemo -->
