<?xml version="1.0" encoding="UTF-8"?>
<!-- Generated by org.testng.reporters.JUnitReportReporter -->
<testsuite skipped="0" hostname="DESKTOP-4549LV5" name="com.webtest.demo.ChanDaoDemo1" tests="1" failures="0" timestamp="2020-11-27T15:11:49 CST" time="190.289" errors="0">
  <testcase name="testAdd" time="190.289" classname="com.webtest.demo.ChanDaoDemo1"/>
  <system-out/>
</testsuite> <!-- com.webtest.demo.ChanDaoDemo1 -->
