<?xml version="1.0" encoding="UTF-8"?>
<!-- Generated by org.testng.reporters.JUnitReportReporter -->
<testsuite skipped="0" hostname="DESKTOP-4549LV5" name="com.webtest.demo.SmokeTests" tests="1" failures="0" timestamp="2020-12-02T08:19:48 CST" time="25.391" errors="0">
  <testcase name="test7" time="25.391" classname="com.webtest.demo.SmokeTests"/>
  <system-out/>
</testsuite> <!-- com.webtest.demo.SmokeTests -->
