<?xml version="1.0" encoding="UTF-8"?>
<!-- Generated by org.testng.reporters.JUnitReportReporter -->
<testsuite skipped="0" hostname="DESKTOP-6FT6511" name="com.webtest.demo.Admin_Login" tests="4" failures="0" timestamp="2020-11-18T19:53:42 CST" time="61.893" errors="0">
  <testcase name="test_Login" time="3.496" classname="com.webtest.demo.Admin_Login"/>
  <system-out/>
  <testcase name="test_Login" time="51.817" classname="com.webtest.demo.Admin_Login"/>
  <system-out/>
  <testcase name="test_Login" time="3.330" classname="com.webtest.demo.Admin_Login"/>
  <system-out/>
  <testcase name="test_Login" time="3.250" classname="com.webtest.demo.Admin_Login"/>
  <system-out/>
</testsuite> <!-- com.webtest.demo.Admin_Login -->
