<?xml version="1.0" encoding="UTF-8"?>
<!-- Generated by org.testng.reporters.JUnitReportReporter -->
<testsuite skipped="0" hostname="DESKTOP-6FT6511" name="com.webtest.demo.AntTest" tests="1" failures="0" timestamp="2020-11-23T15:47:49 CST" time="0.003" errors="0">
  <testcase name="test_ant" time="0.003" classname="com.webtest.demo.AntTest"/>
  <system-out/>
</testsuite> <!-- com.webtest.demo.AntTest -->
