<?xml version="1.0" encoding="UTF-8"?>
<!-- Generated by org.testng.reporters.JUnitReportReporter -->
<testsuite skipped="0" hostname="DESKTOP-01NK0AV" name="com.jianyu.testcases.TestNewPostPage" tests="1" failures="0" timestamp="2020-11-15T11:11:12 CST" time="0.005" errors="0">
  <testcase name="test1" time="0.005" classname="com.jianyu.testcases.TestNewPostPage"/>
  <system-out/>
</testsuite> <!-- com.jianyu.testcases.TestNewPostPage -->
